<?xml version="1.0" encoding="UTF-8"?>
<!-- Generated by org.testng.reporters.JUnitReportReporter -->
<testsuite hostname="51-C04-019" name="com.example.FormTest" tests="4" failures="0" timestamp="13 Jan 2018 03:31:51 GMT" time="0.493" errors="0">
  <testcase name="doGet" time="0.028" classname="com.example.FormTest"/>
  <testcase name="doGet" time="0.012" classname="com.example.FormTest"/>
  <testcase name="doGet" time="0.012" classname="com.example.FormTest"/>
  <testcase name="doGet" time="0.441" classname="com.example.FormTest"/>
</testsuite> <!-- com.example.FormTest -->
